<?xml version="1.0" encoding="UTF-8"?>
<robot generator="Robot 5.0.1 (Python 3.10.7 on win32)" generated="20220926 01:13:12.917" rpa="false" schemaversion="3">
<suite id="s1" name="camposVazios" source="C:\Users\Dev-Test\Documents\robotFramework\triangulo\camposVazios.robot">
<test id="s1-t1" name="Cenário 1: Mensagem de alerta" line="33">
<kw name="Dado que eu acesso o site da aplicação">
<kw name="Open Browser" library="SeleniumLibrary">
<arg>${Url}</arg>
<arg>${Browser}</arg>
<doc>Opens a new browser instance to the optional ``url``.</doc>
<msg timestamp="20220926 01:13:15.570" level="INFO">Opening browser 'chrome' to base url 'http://www.vanilton.net/triangulo/#'.</msg>
<status status="PASS" starttime="20220926 01:13:15.570" endtime="20220926 01:13:26.812"/>
</kw>
<kw name="Wait Until Page Contains" library="SeleniumLibrary">
<arg>${texto}</arg>
<doc>Waits until ``text`` appears on the current page.</doc>
<status status="PASS" starttime="20220926 01:13:26.812" endtime="20220926 01:13:26.908"/>
</kw>
<kw name="Maximize Browser Window" library="SeleniumLibrary">
<doc>Maximizes current browser window.</doc>
<status status="PASS" starttime="20220926 01:13:26.908" endtime="20220926 01:13:27.334"/>
</kw>
<kw name="Click Element" library="SeleniumLibrary">
<arg>${v1}</arg>
<doc>Click the element identified by ``locator``.</doc>
<msg timestamp="20220926 01:13:27.334" level="INFO">Clicking element 'V1'.</msg>
<status status="PASS" starttime="20220926 01:13:27.334" endtime="20220926 01:13:27.884"/>
</kw>
<kw name="Click Element" library="SeleniumLibrary">
<arg>${v2}</arg>
<doc>Click the element identified by ``locator``.</doc>
<msg timestamp="20220926 01:13:27.887" level="INFO">Clicking element 'V2'.</msg>
<status status="PASS" starttime="20220926 01:13:27.885" endtime="20220926 01:13:28.259"/>
</kw>
<kw name="Click Element" library="SeleniumLibrary">
<arg>${v3}</arg>
<doc>Click the element identified by ``locator``.</doc>
<msg timestamp="20220926 01:13:28.259" level="INFO">Clicking element 'V3'.</msg>
<status status="PASS" starttime="20220926 01:13:28.259" endtime="20220926 01:13:28.507"/>
</kw>
<status status="PASS" starttime="20220926 01:13:15.561" endtime="20220926 01:13:28.509"/>
</kw>
<kw name="Quando clico no botão identificar">
<kw name="Click Button" library="SeleniumLibrary">
<arg>Identificar</arg>
<doc>Clicks the button identified by ``locator``.</doc>
<msg timestamp="20220926 01:13:28.521" level="INFO">Clicking button 'Identificar'.</msg>
<status status="PASS" starttime="20220926 01:13:28.519" endtime="20220926 01:13:29.486"/>
</kw>
<status status="PASS" starttime="20220926 01:13:28.518" endtime="20220926 01:13:29.486"/>
</kw>
<kw name="Então uma mensagem é exibida">
<kw name="Wait Until Page Contains" library="SeleniumLibrary">
<arg>Digite os valores dos vértices do triângulo para identificar o seu tipo</arg>
<doc>Waits until ``text`` appears on the current page.</doc>
<status status="PASS" starttime="20220926 01:13:29.511" endtime="20220926 01:13:29.721"/>
</kw>
<kw name="Close Browser" library="SeleniumLibrary">
<doc>Closes the current browser.</doc>
<status status="PASS" starttime="20220926 01:13:29.722" endtime="20220926 01:13:35.290"/>
</kw>
<status status="PASS" starttime="20220926 01:13:29.501" endtime="20220926 01:13:35.290"/>
</kw>
<status status="PASS" starttime="20220926 01:13:15.561" endtime="20220926 01:13:35.297"/>
</test>
<status status="PASS" starttime="20220926 01:13:12.922" endtime="20220926 01:13:35.307"/>
</suite>
<statistics>
<total>
<stat pass="1" fail="0" skip="0">All Tests</stat>
</total>
<tag>
</tag>
<suite>
<stat pass="1" fail="0" skip="0" id="s1" name="camposVazios">camposVazios</stat>
</suite>
</statistics>
<errors>
</errors>
</robot>
